2016-12-01 17:16:24 INFO  crawler:30 - 1 sources selected to crawl
2016-12-01 17:16:24 INFO  crawler:47 - danviet.vn crawling started
2016-12-01 17:16:29 INFO  crawler:145 - http://danviet.vn/event/vu-no-bot-dien-o-ha-dong-ha-noi-1455.html content retrieved
2016-12-01 17:16:29 INFO  crawler:145 - http://danviet.vn/giai-tri/huong-tram-goi-cam-den-muc-nao-ma-quang-ha-cung-kho-roi-mat-727017.html content retrieved
2016-12-01 17:16:29 INFO  crawler:145 - http://danviet.vn/the-thao/clip-southampton-da-vang-arsenal-khoi-efl-cup-727097.html content retrieved
2016-12-01 17:16:30 INFO  crawler:145 - http://danviet.vn/cong-nghe/cong-nghe-pin-moi-giup-keo-dai-tuoi-tho-va-kha-nang-chiu-nhiet-727228.html content retrieved
2016-12-01 17:16:30 INFO  crawler:145 - http://danviet.vn/the-thao/nhung-cau-thu-chapecoense-thoat-chet-la-ai-727167.html content retrieved
2016-12-01 17:16:31 INFO  crawler:145 - http://danviet.vn/kinh-te/vinastas-xin-loi-vi-cong-bo-thong-tin-chua-than-trong-ve-nuoc-mam-726302.html content retrieved
2016-12-01 17:16:31 INFO  crawler:145 - http://danviet.vn/tin-tuc/giam-doc-bv-tam-than-tu-noi-ve-nghi-pham-gay-tham-an-o-ha-giang-727216.html content retrieved
2016-12-01 17:16:32 INFO  crawler:145 - http://danviet.vn/chuyen-la/soc-lieu-minh-danh-nhau-quyet-liet-voi-ran-doc-727145.html content retrieved
2016-12-01 17:16:32 INFO  crawler:145 - http://danviet.vn/ngu-dan-bam-bien/lai-dat-thanh-cong-tau-ca-bi-nan-o-hoang-sa-ve-dao-ly-son-727226.html content retrieved
2016-12-01 17:16:33 INFO  crawler:145 - http://danviet.vn/nha-nong/su-that-la-trung-quoc-dang-an-nhieu-rau-cu-qua-cua-viet-nam-hon-727160.html content retrieved
2016-12-01 17:16:33 INFO  crawler:145 - http://danviet.vn/doanh-nghiep/phau-thuat-cuu-song-be-gai-so-sinh-noi-tang-nam-ngoai-o-bung-727015.html content retrieved
2016-12-01 17:16:34 INFO  crawler:145 - http://danviet.vn/ngon-sach-la/3-trieu-dong-cap-buoi-tao-hinh-ban-do-viet-nam-cho-tet-2017-726699.html content retrieved
2016-12-01 17:16:34 INFO  crawler:145 - http://danviet.vn/the-thao/duc-luong-noi-gi-ve-thong-tin-sang-han-quoc-thi-dau-727225.html content retrieved
2016-12-01 17:16:35 INFO  crawler:145 - http://danviet.vn/phap-luat/anh-hien-truong-vu-tham-sat-4-nguoi-o-ha-giang-727223.html content retrieved
2016-12-01 17:16:35 INFO  crawler:145 - http://danviet.vn/van-hoa/cuoi-te-ghe-xuan-bac-tro-giup-tu-long-trong-ai-la-trieu-phu-727170.html content retrieved
2016-12-01 17:16:36 INFO  crawler:145 - http://danviet.vn/chuyen-la/tu-ban-2-phat-ten-xuyen-nguc-nhung-khong-chet-duoc-726854.html content retrieved
2016-12-01 17:16:37 INFO  crawler:145 - http://danviet.vn/dep/kheo-tay-lam-ngay-lo-dung-kim-chi-xinh-xan-gon-gang-727295.html content retrieved
2016-12-01 17:16:37 INFO  crawler:145 - http://danviet.vn/ngu-dan-bam-bien/la-gi-ha-thuy-tau-67-tri-gia-13-ty-dong-727192.html content retrieved
2016-12-01 17:16:38 INFO  crawler:145 - http://danviet.vn/doanh-nghiep/quy-sua-vuon-cao-viet-nam-va-vinamilk-tiep-tuc-trao-tang-gan-130000-ly-sua-cho-tre-em-tai-vinh-long-726859.html content retrieved
2016-12-01 17:16:38 INFO  crawler:145 - http://danviet.vn/ngon-sach-la/cap-ca-khung-ve-hn-gan-4-trieu-dong-kg-van-dat-hang-727042.html content retrieved
2016-12-01 17:16:38 INFO  crawler:145 - http://danviet.vn/sao/huong-tram-goi-cam-den-muc-nao-ma-quang-ha-cung-kho-roi-mat-727017.html content retrieved
2016-12-01 17:16:39 INFO  crawler:145 - http://danviet.vn/the-gioi/may-bay-roi-o-colombia-song-sot-nho-ngoi-o-tu-the-bao-thai-727286.html content retrieved
2016-12-01 17:16:40 INFO  crawler:145 - http://danviet.vn/sao/dj-trang-moon-dai-gia-ngo-loi-yeu-hua-lam-show-tien-ty-727185.html content retrieved
2016-12-01 17:16:40 INFO  crawler:145 - http://danviet.vn/ban-doc/nghe-an-trao-160-suat-qua-cho-ba-con-bi-anh-huong-lu-727050.html content retrieved
2016-12-01 17:16:40 INFO  crawler:145 - http://danviet.vn/van-hoa/nghe-lai-nhung-ca-khuc-noi-tieng-gan-lien-ten-tuoi-ca-si-quang-ly-727215.html content retrieved
2016-12-01 17:16:41 INFO  crawler:145 - http://danviet.vn/tin-tuc-viet-nam/trung-hop-la-ky-cua-5-giai-jackpot-tien-ti-726394.html content retrieved
2016-12-01 17:16:41 INFO  crawler:145 - http://danviet.vn/nha-nong/tuoi-chuot-nuoi-ran-kiem-tien-ty-725075.html content retrieved
2016-12-01 17:16:42 INFO  crawler:145 - http://danviet.vn/du-lich/nhung-quan-banh-mi-ngon-dien-dao-dong-nghit-khach-o-sai-gon-727156.html content retrieved
2016-12-01 17:16:42 INFO  crawler:145 - http://danviet.vn/phap-luat/cuu-chu-tich-thanh-pho-nhan-lot-tay-xe-camry-727100.html content retrieved
2016-12-01 17:16:43 INFO  crawler:145 - http://danviet.vn/song-tre/hot-girl-ban-thit-xien-nuong-khien-quan-an-nuom-nuop-khach-727207.html content retrieved
2016-12-01 17:16:43 INFO  crawler:145 - http://danviet.vn/van-hoa/boc-me-anh-ke-la-ngoi-len-ngai-vang-o-dai-noi-hue-726858.html content retrieved
2016-12-01 17:16:44 INFO  crawler:145 - http://danviet.vn/kinh-da-trong/de-niem-tin-khong-bi-danh-cap-727144.html content retrieved
2016-12-01 17:16:44 INFO  crawler:145 - http://danviet.vn/dep/irina-shayk-mang-bau-van-sieu-goi-cam-dien-noi-y-727183.html content retrieved
2016-12-01 17:16:45 INFO  crawler:145 - http://danviet.vn/cuoi/clip-hai-anh-rat-tinh-khi-di-qua-cau-726634.html content retrieved
2016-12-01 17:16:45 INFO  crawler:145 - http://danviet.vn/doanh-nghiep/hdbank-hoan-20-cho-chu-the-atm-khi-mua-sam-trong-ngay-212-727025.html content retrieved
2016-12-01 17:16:46 INFO  crawler:145 - http://danviet.vn/gia-dinh/meo-ran-ca-gion-tan-bat-chap-moi-loai-chao-726656.html content retrieved
2016-12-01 17:16:47 INFO  crawler:145 - http://danviet.vn/van-hoa/ca-si-hoang-bach-neu-co-the-toi-muon-sinh-con-cho-con-bu-thay-vo-727041.html content retrieved
2016-12-01 17:16:48 INFO  crawler:145 - http://danviet.vn/cuoi/tai-nan-hai-huoc-cua-cac-co-nang-dien-bikini-726935.html content retrieved
2016-12-01 17:16:48 INFO  crawler:145 - http://danviet.vn/the-thao/luong-di-don-tin-cuc-vui-truoc-them-ban-ket-aff-cup-2016-726892.html content retrieved
2016-12-01 17:16:49 INFO  crawler:145 - http://danviet.vn/giai-tri/dj-trang-moon-dai-gia-ngo-loi-yeu-hua-lam-show-tien-ty-727185.html content retrieved
2016-12-01 17:16:49 INFO  crawler:145 - http://danviet.vn/event/huyen-thoai-fidel-castro-qua-doi-1462.html content retrieved
2016-12-01 17:16:49 INFO  crawler:145 - http://danviet.vn/ban-doc/nhung-quy-dinh-noi-bat-co-hieu-luc-tu-thang-12-727121.html content retrieved
2016-12-01 17:16:50 INFO  crawler:145 - http://danviet.vn/du-lich/bi-an-nhung-loai-cay-voi-hinh-thu-ky-la-727235.html content retrieved
2016-12-01 17:16:50 INFO  crawler:145 - http://danviet.vn/nha-nong/binh-dinh-nong-dan-lieu-minh-vat-lon-voi-dong-lu-de-cuu-mai-727240.html content retrieved
2016-12-01 17:16:51 INFO  crawler:145 - http://danviet.vn/cong-nghe/dong-dat-khong-gian-tham-hoa-moi-tu-vu-tru-giang-xuong-dau-nhan-loai-727079.html content retrieved
2016-12-01 17:16:52 INFO  crawler:145 - http://danviet.vn/dia-chi-xanh/de-nhat-cam-vinh-thu-cam-co-chat-luong-hao-hang-726975.html content retrieved
2016-12-01 17:16:52 INFO  crawler:145 - http://danviet.vn/ban-doc/bai-bo-thong-tu-cu-ve-cap-gplx-ngay-trong-thang-12-727292.html content retrieved
2016-12-01 17:16:53 INFO  crawler:145 - http://danviet.vn/the-gioi/thien-tai-vat-ly-du-bao-4-kich-ban-ngay-tan-the-727234.html content retrieved
2016-12-01 17:16:53 INFO  crawler:145 - http://danviet.vn/ban-doc/chi-dan-chi-tiet-diem-chup-anh-cuc-hoa-mi-o-ha-noi-727165.html content retrieved
2016-12-01 17:16:53 INFO  crawler:145 - http://danviet.vn/ban-doc/gan-2000-ngan-giong-ho-tro-ba-con-mien-trung-hau-lu-726824.html content retrieved
2016-12-01 17:16:54 INFO  crawler:145 - http://danviet.vn/dien-thoai/video-dap-hop-one-plus-3t-726940.html content retrieved
2016-12-01 17:16:55 INFO  crawler:145 - http://danviet.vn/dia-chi-xanh/co-gi-dac-biet-o-trai-de-sua-cu-chi-727092.html content retrieved
2016-12-01 17:16:55 INFO  crawler:145 - http://danviet.vn/cuoi/nhung-hinh-anh-xem-di-xem-lai-van-thay-buon-cuoi-726960.html content retrieved
2016-12-01 17:16:55 INFO  crawler:145 - http://danviet.vn/phap-luat/bat-ke-chu-muu-dan-canh-bat-coc-tong-tien-o-da-nang-727227.html content retrieved
2016-12-01 17:16:56 INFO  crawler:145 - http://danviet.vn/song-tre/mac-hong-quan-chua-di-qua-gioi-han-voi-tay-thi-ngu-gat-727182.html content retrieved
2016-12-01 17:16:56 INFO  crawler:145 - http://danviet.vn/song-tre/ve-dep-don-tim-cua-2-soai-ca-cau-hon-giua-pho-ha-thanh-726845.html content retrieved
2016-12-01 17:16:57 INFO  crawler:145 - http://danviet.vn/kinh-te/gia-vang-hom-nay-giam-nha-dau-tu-dung-o-nga-ba-duong-727064.html content retrieved
2016-12-01 17:16:58 INFO  crawler:145 - http://danviet.vn/ngon-sach-la/ao-ca-hang-nghin-con-trong-khu-trung-tam-thuong-mai-bo-hoang-726387.html content retrieved
2016-12-01 17:16:59 INFO  crawler:145 - http://danviet.vn/doanh-nghiep/vinschool-trien-khai-tich-hop-chuong-trinh-giao-duc-mam-non-quoc-te-ipc-726925.html content retrieved
2016-12-01 17:16:59 INFO  crawler:145 - http://danviet.vn/o-to-xe-may/sieu-xe-la-mazzanti-evantra-771-trinh-lang-726919.html content retrieved
2016-12-01 17:16:59 INFO  crawler:145 - http://danviet.vn/canh-bao-nong-nghiep/su-that-la-trung-quoc-dang-an-nhieu-rau-cu-qua-cua-viet-nam-hon-727160.html content retrieved
2016-12-01 17:17:00 INFO  crawler:145 - http://danviet.vn/giai-tri/thanh-nu-goi-cam-nhat-hanh-tinh-khien-moi-anh-mat-dan-chat-vao-minh-726903.html content retrieved
2016-12-01 17:17:00 INFO  crawler:145 - http://danviet.vn/kinh-te/xo-so-dien-toan-ban-chui-o-ha-noi-mua-10-ve-moi-ban-727103.html content retrieved
2016-12-01 17:17:01 INFO  crawler:145 - http://danviet.vn/van-hoa/con-trai-tiet-lo-tam-huyet-cua-nsut-quang-ly-truoc-khi-ong-mat-727230.html content retrieved
2016-12-01 17:17:01 INFO  crawler:145 - http://danviet.vn/kinh-te/ta-ogilvy-tai-tro-khao-sat-nuoc-mam-vai-tram-trieu-727271.html content retrieved
2016-12-01 17:17:02 INFO  crawler:145 - http://danviet.vn/xa-hoi/mua-lon-nhieu-dia-phuong-lu-len-vuot-bao-dong-3-727281.html content retrieved
2016-12-01 17:17:02 INFO  crawler:145 - http://danviet.vn/du-lich/he-lo-nhung-chieu-san-anh-geisha-that-o-nhat-ban-727114.html content retrieved
2016-12-01 17:17:03 INFO  crawler:145 - http://danviet.vn/nha-nong/gan-20-trieu-dong-cap-chim-tri-7-mau-bieu-tet-muon-mua-phai-cho-727202.html content retrieved
2016-12-01 17:17:03 INFO  crawler:145 - http://danviet.vn/tu-van-phap-luat/bai-bo-thong-tu-cu-ve-cap-gplx-ngay-trong-thang-12-727292.html content retrieved
2016-12-01 17:17:04 INFO  crawler:145 - http://danviet.vn/tin-tuc/an-rong-giong-o-nghe-an-mua-de-nhu-rau-727275.html content retrieved
2016-12-01 17:17:04 INFO  crawler:145 - http://danviet.vn/phap-luat/bat-doi-tuong-mua-ban-ao-309-xe-o-to-chiem-doat-39-ty-727245.html content retrieved
2016-12-01 17:17:05 INFO  crawler:145 - http://danviet.vn/the-thao/ai-con-dam-bao-hlv-huu-thang-tin-tuong-cong-phuong-726236.html content retrieved
2016-12-01 17:17:05 INFO  crawler:145 - http://danviet.vn/dep/choang-ngop-voi-ve-dep-phon-thuc-cua-vo-ty-phu-phap-726726.html content retrieved
2016-12-01 17:17:06 INFO  crawler:145 - http://danviet.vn/nhan-vat/may-bay-roi-o-colombia-song-sot-nho-ngoi-o-tu-the-bao-thai-727286.html content retrieved
2016-12-01 17:17:07 INFO  crawler:145 - http://danviet.vn/doanh-nghiep/abmt-san-pham-kieu-hoi-tien-phong-cua-vietinbank-727188.html content retrieved
2016-12-01 17:17:07 INFO  crawler:145 - http://danviet.vn/the-thao/clip-cho-thay-vi-sao-doi-bong-han-quoc-me-man-duc-luong-727224.html content retrieved
2016-12-01 17:17:07 INFO  crawler:145 - http://danviet.vn/tin-tuc/mua-lon-nhieu-dia-phuong-lu-len-vuot-bao-dong-3-727281.html content retrieved
2016-12-01 17:17:08 INFO  crawler:145 - http://danviet.vn/giai-tri/ban-gai-o-nha-the-nay-tran-thanh-khong-me-moi-la-727054.html content retrieved
2016-12-01 17:17:08 INFO  crawler:145 - http://danviet.vn/o-to-xe-may/bmw-r-1200-gs-2017-danh-thuc-niem-dam-me-phuot-726347.html content retrieved
2016-12-01 17:17:09 INFO  crawler:145 - http://danviet.vn/tin-tuc/co-cap-tren-chi-dao-cap-duoi-dung-tien-nha-nuoc-di-bieu-xen-727262.html content retrieved
2016-12-01 17:17:09 INFO  crawler:145 - http://danviet.vn/tin-tuc/hang-loat-hoc-sinh-nghi-hoc-vi-nuoc-dang-cao-727310.html content retrieved
2016-12-01 17:17:10 INFO  crawler:145 - http://danviet.vn/giai-tri/khong-ngo-ngoai-doi-duong-tang-lai-cuoi-ho-ly-tinh-727059.html content retrieved
2016-12-01 17:17:10 INFO  crawler:145 - http://danviet.vn/dia-chi-xanh/phu-tho-bao-ton-giong-buoi-quy-tru-danh-727206.html content retrieved
2016-12-01 17:17:11 INFO  crawler:145 - http://danviet.vn/doanh-nghiep/vietinbank-la-thuong-hieu-quoc-gia-2016-727196.html content retrieved
2016-12-01 17:17:11 INFO  crawler:145 - http://danviet.vn/van-hoa/nghe-si-uu-tu-quang-ly-dot-ngot-qua-doi-727187.html content retrieved
2016-12-01 17:17:12 INFO  crawler:145 - http://danviet.vn/dep/loat-sao-nam-vbiz-bi-ong-kinh-vach-tran-vi-nhom-nguc-sao-nu-726909.html content retrieved
2016-12-01 17:17:12 INFO  crawler:145 - http://danviet.vn/o-to-xe-may/dan-my-hai-long-voi-hang-xe-nao-nhat-trong-nam-2016-727008.html content retrieved
2016-12-01 17:17:13 INFO  crawler:145 - http://danviet.vn/the-thao/hlv-alfred-riedl-dung-ke-sach-dac-biet-voi-cong-vinh-727132.html content retrieved
2016-12-01 17:17:13 INFO  crawler:145 - http://danviet.vn/the-thao/phut-tuyet-vong-cua-phi-cong-lai-may-bay-cho-doi-bong-brazil-727238.html content retrieved
2016-12-01 17:17:14 INFO  crawler:145 - http://danviet.vn/the-thao/clip-ibrahimovic-martial-lap-cu-dup-giup-mu-huy-diet-west-ham-727098.html content retrieved
2016-12-01 17:17:14 INFO  crawler:145 - http://danviet.vn/phap-luat/noi-am-anh-cua-vo-nghi-pham-vu-giet-4-nguoi-o-ha-giang-727265.html content retrieved
2016-12-01 17:17:15 INFO  crawler:145 - http://danviet.vn/ngon-sach-la/an-giang-nong-dan-phat-hien-luon-vang-khung-dai-06-m-726992.html content retrieved
2016-12-01 17:17:16 INFO  crawler:145 - http://danviet.vn/tin-tuc/xe-tai-chay-ngun-ngut-tren-cao-toc-ha-noi-thai-nguyen-727293.html content retrieved
2016-12-01 17:17:17 INFO  crawler:145 - http://danviet.vn/dep/luu-huong-giang-dep-ngo-ngang-sau-phau-thuat-tham-my-727001.html content retrieved
2016-12-01 17:17:17 INFO  crawler:145 - http://danviet.vn/sao/angela-phuong-trinh-thua-nhan-toan-co-duyen-voi-tinh-gia-727038.html content retrieved
2016-12-01 17:17:17 INFO  crawler:145 - http://danviet.vn/dien-thoai/ra-mat-lenovo-k6-power-co-cam-bien-van-tay-gia-re-726866.html content retrieved
2016-12-01 17:17:18 INFO  crawler:145 - http://danviet.vn/ban-doc/nguoi-dan-kho-doi-boi-thuong-thiet-hai-do-van-ban-sai-727244.html content retrieved
2016-12-01 17:17:18 INFO  crawler:145 - http://danviet.vn/chuyen-la/dang-an-banh-bong-thay-chuot-khong-lo-tha-banh-nhay-qua-727140.html content retrieved
2016-12-01 17:17:19 INFO  crawler:145 - http://danviet.vn/canh-bao-nong-nghiep/binh-dinh-nong-dan-lieu-minh-vat-lon-voi-dong-lu-de-cuu-mai-727240.html content retrieved
2016-12-01 17:17:19 INFO  crawler:145 - http://danviet.vn/xa-hoi/xe-tai-chay-ngun-ngut-tren-cao-toc-ha-noi-thai-nguyen-727293.html content retrieved
2016-12-01 17:17:20 INFO  crawler:145 - http://danviet.vn/event/vu-giet-4-nguoi-o-ha-giang-1465.html content retrieved
2016-12-01 17:17:20 INFO  crawler:145 - http://danviet.vn/doanh-nghiep/trang-trai-bo-sua-organic-dau-tien-tai-viet-nam-dat-chuan-quoc-te-726851.html content retrieved
2016-12-01 17:17:21 INFO  crawler:145 - http://danviet.vn/bi-quyet-nuoi-trong/nhung-dieu-can-biet-ve-trong-bi-ngo-727171.html content retrieved
2016-12-01 17:17:21 INFO  crawler:145 - http://danviet.vn/ngon-sach-la/dua-chu-thu-phap-bay-buom-mem-mai-len-trai-xoai-mien-tay-726688.html content retrieved
2016-12-01 17:17:22 INFO  crawler:145 - http://danviet.vn/the-thao/cdv-campuchia-tru-eo-dt-viet-nam-truoc-them-ban-ket-aff-cup-726456.html content retrieved
2016-12-01 17:17:22 INFO  crawler:145 - http://danviet.vn/the-gioi/my-lep-ve-truoc-nga-va-tq-ve-ten-lua-sieu-thanh-727150.html content retrieved
2016-12-01 17:17:23 INFO  crawler:145 - http://danviet.vn/the-gioi/my-ngoi-tu-oan-32-gio-nhan-13-ty-dong-boi-thuong-727153.html content retrieved
2016-12-01 17:17:23 INFO  crawler:145 - http://danviet.vn/aff-cup-2016/hlv-alfred-riedl-dung-ke-sach-dac-biet-voi-cong-vinh-727132.html content retrieved
2016-12-01 17:17:24 INFO  crawler:145 - http://danviet.vn/hau-truong-giai-tri/thanh-nu-goi-cam-nhat-hanh-tinh-khien-moi-anh-mat-dan-chat-vao-minh-726903.html content retrieved
2016-12-01 17:17:24 INFO  crawler:145 - http://danviet.vn/ngon-sach-la/gan-20-trieu-dong-cap-chim-tri-7-mau-bieu-tet-muon-mua-phai-cho-727202.html content retrieved
2016-12-01 17:17:25 INFO  crawler:145 - http://danviet.vn/gia-dinh/phuong-phap-nguy-trang-khon-kheo-cua-ga-dan-ong-ngoai-tinh-727147.html content retrieved
2016-12-01 17:17:25 INFO  crawler:145 - http://danviet.vn/kinh-te/tphcm-hang-loat-sieu-du-an-dat-vang-ruc-rich-tai-khoi-dong-sau-toi-hau-thu-727204.html content retrieved
2016-12-01 17:17:26 INFO  crawler:145 - http://danviet.vn/du-lich/soi-chon-an-choi-cua-sao-viet-trong-thang-11-727129.html content retrieved
2016-12-01 17:17:26 INFO  crawler:145 - http://danviet.vn/gia-dinh/me-gia-ban-rau-ca-ngay-lan-dem-kiem-tien-giup-con-trai-mua-nha-thanh-pho-727045.html content retrieved
2016-12-01 17:17:27 INFO  crawler:145 - http://danviet.vn/tin-tuc/chu-tich-hoi-dnvn-lai-xuan-mon-som-trien-khai-cho-vay-uu-dai-nha-o-xa-hoi-727260.html content retrieved
2016-12-01 17:17:28 INFO  crawler:145 - http://danviet.vn/giai-tri/angela-phuong-trinh-thua-nhan-toan-co-duyen-voi-tinh-gia-727038.html content retrieved
2016-12-01 17:17:28 INFO  crawler:145 - http://danviet.vn/nong-thon-moi/dien-thang-trung-vuon-len-nho-ntm-726713.html content retrieved
2016-12-01 17:17:29 INFO  crawler:145 - http://danviet.vn/nong-thon-moi/chuyen-ve-trieu-phu-miet-vuon-o-u-minh-726379.html content retrieved
2016-12-01 17:17:29 INFO  crawler:145 - http://danviet.vn/bi-quyet-nuoi-trong/tuoi-chuot-nuoi-ran-kiem-tien-ty-725075.html content retrieved
2016-12-01 17:17:30 INFO  crawler:145 - http://danviet.vn/doanh-nghiep/the-van-nang-xu-huong-tieu-dung-thong-minh-cho-nguoi-viet-727221.html content retrieved
2016-12-01 17:18:07 INFO  crawler:72 - danviet.vn crawling ended
2016-12-01 17:22:20 INFO  crawler:30 - 1 sources selected to crawl
2016-12-01 17:22:20 INFO  crawler:47 - vnexpress.net crawling started
2016-12-01 17:22:25 INFO  crawler:145 - http://giadinh.vnexpress.net/ content retrieved
2016-12-01 17:22:25 INFO  crawler:145 - http://kinhdoanh.vnexpress.net/tin-tuc/doanh-nghiep/doanh-nghiep-viet/ecopark-hop-tac-chien-luoc-toan-dien-cung-ford-viet-nam-3505659.html content retrieved
2016-12-01 17:22:25 INFO  crawler:145 - http://kinhdoanh.vnexpress.net/tin-tuc/thuong-mai-dien-tu/hon-6-000-san-pham-bi-loai-khoi-online-friday-vi-giam-gia-ao-3505894.html content retrieved
2016-12-01 17:22:26 INFO  crawler:145 - http://kinhdoanh.vnexpress.net/tin-tuc/doanh-nghiep/hoa-sen-ca-na-duoc-dua-vao-quy-hoach-du-an-thep-3507246.html content retrieved
2016-12-01 17:22:27 INFO  crawler:145 - http://thethao.vnexpress.net/tin-tuc/aff-cup-2016/cong-vinh-indonesia-rat-manh-dung-som-noi-ve-chung-ket-3507098.html content retrieved
2016-12-01 17:22:27 INFO  crawler:145 - http://vnexpress.net/tin-tuc/the-gioi/cuoc-song-do-day/nam-sinh-trung-quoc-bi-tu-choi-phu-phang-khi-cau-hon-co-giao-3507225.html content retrieved
2016-12-01 17:22:27 INFO  crawler:145 - http://sohoa.vnexpress.net/tin-tuc/san-pham/iphone-se-chinh-hang-giam-gia-2-trieu-dong-3507265.html content retrieved
2016-12-01 17:22:27 INFO  crawler:145 - http://video.vnexpress.net/tin-tuc/giai-tri/angela-phuong-trinh-duoc-ve-si-dua-den-su-kien-3506767.html content retrieved
2016-12-01 17:22:28 INFO  crawler:145 - http://giaitri.vnexpress.net/photo/lang-mot/bon-chan-dai-goc-hoa-toa-sang-tren-san-dien-victorias-secret-2016-3506972.html content retrieved
2016-12-01 17:22:28 INFO  crawler:145 - http://ione.vnexpress.net/tin-tuc/lam-dep/cam-tu-vi-uong-dien-vien-bi-che-vi-ke-may-ngang-deo-ap-trong-3507157.html content retrieved
2016-12-01 17:22:30 INFO  crawler:145 - http://kinhdoanh.vnexpress.net/tin-tuc/doanh-nghiep/doanh-nghiep-viet/galle-watch-giam-den-40-dip-black-friday-3502571.html content retrieved
2016-12-01 17:22:31 INFO  crawler:145 - http://vnexpress.net/tin-tuc/phap-luat/ho-so-pha-an/cong-an-giang-bay-nam-nhan-ke-voi-ba-trum-khat-tinh-3506622.html content retrieved
2016-12-01 17:22:31 INFO  crawler:145 - http://vnexpress.net/tin-tuc/oto-xe-may/yamaha-nvx-gia-tu-45-trieu-dong-tai-viet-nam-3506365.html content retrieved
2016-12-01 17:22:31 INFO  crawler:145 - http://giadinh.vnexpress.net/tin-tuc/to-am/cach-so-vin-dung-chuan-moi-dan-ong-can-biet-3507028.html content retrieved
2016-12-01 17:22:32 INFO  crawler:145 - http://vnexpress.net/photo/giao-duc/dau-tich-quoc-tu-giam-duoi-trieu-nguyen-3505499.html content retrieved
2016-12-01 17:22:32 INFO  crawler:145 - http://kinhdoanh.vnexpress.net/tin-tuc/doanh-nghiep/doanh-nghiep-viet/giam-beo-khoe-dep-voi-phong-xong-hoi-tai-nha-3506056.html content retrieved
2016-12-01 17:22:32 INFO  crawler:145 - http://vnexpress.net/tin-tuc/the-gioi/tu-lieu/phut-tuyet-vong-cua-phi-cong-chung-kien-may-bay-cho-doi-bong-brazil-roi-3506843.html content retrieved
2016-12-01 17:22:33 INFO  crawler:145 - http://kinhdoanh.vnexpress.net/tin-tuc/doanh-nghiep/doanh-nghiep-viet/thuong-hieu-giay-viet-thu-6-ty-dong-mot-ngay-nho-black-friday-3505980.html content retrieved
2016-12-01 17:22:34 INFO  crawler:145 - http://vnexpress.net/tin-tuc/thoi-su/chim-tau-500-tan-nhieu-nguoi-roi-xuong-song-dong-nai-3507088.html content retrieved
2016-12-01 17:22:34 INFO  crawler:145 - http://thethao.vnexpress.net/tin-tuc/aff-cup-2016/alfred-riedl-indonesia-khong-can-cham-soc-dac-biet-cong-vinh-3506791.html content retrieved
2016-12-01 17:22:34 INFO  crawler:145 - http://kinhdoanh.vnexpress.net/tin-tuc/hang-hoa/khuyen-mai/kangaroo-khuyen-mai-lon-khi-mua-hang-online-3495380.html content retrieved
2016-12-01 17:22:35 INFO  crawler:145 - http://kinhdoanh.vnexpress.net/tin-tuc/thuong-mai-dien-tu/ngay-hoi-mua-sam-voi-nhieu-uu-dai-lon-gan-ho-guom-3507069.html content retrieved
2016-12-01 17:22:36 INFO  crawler:145 - http://thethao.vnexpress.net/tin-tuc/bong-da-trong-nuoc/theo-chan-xuan-truong-hau-ve-cua-hagl-sang-han-quoc-thi-dau-3507110.html content retrieved
2016-12-01 17:22:36 INFO  crawler:145 - http://dulich.vnexpress.net/tin-tuc/cong-dong/dau-chan/cu-ong-86-tuoi-xuyen-viet-bang-xe-cup-50-3507009.html content retrieved
2016-12-01 17:22:37 INFO  crawler:145 - http://vnexpress.net/tin-tuc/oto-xe-may/nu-tai-xe-bmw-dien-cuong-lao-xe-vao-doi-thu-3506919.html content retrieved
2016-12-01 17:22:37 INFO  crawler:145 - http://giaitri.vnexpress.net/tin-tuc/nhac/cam-xuc-am-nhac/nhung-tinh-khuc-ghi-dau-an-nsut-quang-ly-3507115.html content retrieved
2016-12-01 17:22:38 INFO  crawler:145 - http://vnexpress.net/photo/the-gioi/may-bay-cho-cau-lac-bo-bong-da-brazil-vo-nat-tai-hien-truong-3506211.html content retrieved
2016-12-01 17:22:38 INFO  crawler:145 - http://suckhoe.vnexpress.net/tin-tuc/khoe-dep/tham-my/bi-kip-chua-ran-da-cho-me-sau-sinh-3314165.html content retrieved
2016-12-01 17:22:39 INFO  crawler:145 - http://vnexpress.net/infographics/giao-thong/4-du-an-giao-thong-trong-diem-quoc-gia-den-nam-2020-3506885.html content retrieved
2016-12-01 17:22:39 INFO  crawler:145 - http://giaitri.vnexpress.net/tin-tuc/gioi-sao/trong-nuoc/hong-phuong-vac-bau-ra-san-bay-tien-chong-luu-dien-3506988.html content retrieved
2016-12-01 17:22:39 INFO  crawler:145 - http://kinhdoanh.vnexpress.net/tin-tuc/hang-hoa/khuyen-mai/co-hoi-trung-den-100-trieu-dong-khi-mua-chan-ga-goi-dem-3492266.html content retrieved
2016-12-01 17:22:40 INFO  crawler:145 - http://kinhdoanh.vnexpress.net/tin-tuc/hang-hoa/khuyen-mai/iphone-7-ha-gia-con-hon-15-trieu-dong-3497687.html content retrieved
2016-12-01 17:22:40 INFO  crawler:145 - http://kinhdoanh.vnexpress.net/tin-tuc/doanh-nghiep/doanh-nghiep-viet/dau-nhon-thuong-hieu-nhat-cho-nguoi-tieu-dung-viet-nam-3505460.html content retrieved
2016-12-01 17:22:41 INFO  crawler:145 - http://dulich.vnexpress.net/tin-tuc/viet-nam/ha-noi/quan-an-ha-noi-dung-giay-lam-noi-lau-3506331.html content retrieved
2016-12-01 17:22:41 INFO  crawler:145 - http://suckhoe.vnexpress.net/tin-tuc/khoe-dep/tham-my/co-gai-beo-ha-noi-2-nam-ren-luyen-de-so-huu-voc-dang-dong-ho-cat-3506877.html content retrieved
2016-12-01 17:22:42 INFO  crawler:145 - http://kinhdoanh.vnexpress.net/tin-tuc/hang-hoa/khuyen-mai/k-tang-them-hap-dan-cho-goi-truyen-hinh-2-trong-1-3506488.html content retrieved
2016-12-01 17:22:43 INFO  crawler:145 - http://vnexpress.net/tin-tuc/cong-dong/taxi-dam-chet-3-con-bo-tai-phu-quoc-ai-den-ai-3507261.html content retrieved
2016-12-01 17:22:43 INFO  crawler:145 - http://video.vnexpress.net/tin-tuc/xa-hoi/nguoi-dan-ong-nuoi-ong-du-ban-800-000-dong-lit-mat-3506219.html content retrieved
2016-12-01 17:22:44 INFO  crawler:145 - http://dulich.vnexpress.net/tin-tuc/cong-dong/tu-van/lam-the-nao-de-san-anh-geisha-that-o-nhat-ban-3505655.html content retrieved
2016-12-01 17:22:44 INFO  crawler:145 - http://vnexpress.net/tin-tuc/phap-luat/hang-loat-cong-so-bi-ke-gian-dot-nhap-3507104.html content retrieved
2016-12-01 17:22:44 INFO  crawler:145 - http://e.vnexpress.net/news/news/many-vietnamese-women-believe-spousal-abuse-can-be-justified-survey-3507051.html content retrieved
2016-12-01 17:22:45 INFO  crawler:145 - http://kinhdoanh.vnexpress.net/tin-tuc/doanh-nghiep/doanh-nghiep-viet/pvcfc-trao-hoc-bong-cho-sinh-vien-dai-hoc-tay-nguyen-3506721.html content retrieved
2016-12-01 17:22:46 INFO  crawler:145 - http://vnexpress.net/tin-tuc/thoi-su/gan-6-tan-keo-qua-dat-duoc-tan-trang-canh-nha-ve-sinh-3507075.html content retrieved
2016-12-01 17:22:46 INFO  crawler:145 - http://kinhdoanh.vnexpress.net/tin-tuc/doanh-nghiep/doanh-nghiep-viet/sting-dau-tao-su-khac-biet-tren-thi-truong-nuoc-tang-luc-3506603.html content retrieved
2016-12-01 17:22:47 INFO  crawler:145 - http://suckhoe.vnexpress.net/tin-tuc/suc-khoe/90-giay-tai-hien-qua-trinh-hinh-thanh-gioi-tinh-thai-nhi-3506640.html content retrieved
2016-12-01 17:22:47 INFO  crawler:145 - http://vnexpress.net/tin-tuc/tam-su/chong-di-voi-gai-ve-vut-day-bao-cao-su-ra-nha-3507253.html content retrieved
2016-12-01 17:22:48 INFO  crawler:145 - http://thethao.vnexpress.net/tin-tuc/aff-cup-2016/riedl-dung-nam-tien-ve-doi-choi-viet-nam-o-ban-ket-aff-cup-3507267.html content retrieved
2016-12-01 17:22:48 INFO  crawler:145 - http://vnexpress.net/tin-tuc/oto-xe-may/cuoc-chien-xe-ga-cao-cap-tai-viet-nam-3505611.html content retrieved
2016-12-01 17:22:49 INFO  crawler:145 - http://giaitri.vnexpress.net/tin-tuc/gioi-sao/trong-nuoc/quang-ly-con-nguoi-gian-di-trong-ky-uc-dong-nghiep-3507109.html content retrieved
2016-12-01 17:22:49 INFO  crawler:145 - http://vnexpress.net/tin-tuc/the-gioi/donald-trump-an-toi-voi-ung-vien-ngoai-truong-mitt-romney-3506584.html content retrieved
2016-12-01 17:22:49 INFO  crawler:145 - http://giaitri.vnexpress.net/tin-tuc/gioi-sao/trong-nuoc/nhan-sac-co-gai-19-tuoi-hoai-lam-vua-hoi-cuoi-3506716.html content retrieved
2016-12-01 17:22:50 INFO  crawler:145 - http://kinhdoanh.vnexpress.net/tin-tuc/doanh-nghiep/doanh-nghiep-viet/chu-dau-tu-du-an-hateco-hoang-mai-ban-giao-nha-cho-cu-dan-3505660.html content retrieved
2016-12-01 17:22:51 INFO  crawler:145 - http://vnexpress.net/tin-tuc/thoi-su/ong-dinh-la-thang-ban-phao-hoa-cuoi-tuan-co-the-la-thuong-hieu-du-lich-3507172.html content retrieved
2016-12-01 17:22:51 INFO  crawler:145 - http://video.vnexpress.net/tin-tuc/xa-hoi/tp-hcm-xay-cau-chu-n-de-giai-quyet-ket-xe-cua-ngo-tan-son-nhat-3506709.html content retrieved
2016-12-01 17:22:52 INFO  crawler:145 - http://vnexpress.net/tin-tuc/thoi-su/chong-lai-oto-cho-vo-con-lao-ra-khoi-can-nha-chay-3506517.html content retrieved
2016-12-01 17:22:52 INFO  crawler:145 - http://kinhdoanh.vnexpress.net/tin-tuc/doanh-nghiep/doanh-nghiep-viet/uu-dai-mua-le-hoi-tu-eastin-grand-hotel-saigon-3502252.html content retrieved
2016-12-01 17:22:53 INFO  crawler:145 - http://vnexpress.net/infographics/cham-con/3-meo-don-gian-khong-ngo-de-thanh-cha-me-tot-3507056.html content retrieved
2016-12-01 17:22:53 INFO  crawler:145 - http://video.vnexpress.net/tin-tuc/sao/trailer-vang-bong-mot-thoi-dien-vien-mai-thanh-dung-3506714.html content retrieved
2016-12-01 17:22:54 INFO  crawler:145 - http://vnexpress.net/tin-tuc/cuoi/anh/nhung-hinh-anh-trung-hop-den-bat-ngo-3506126.html content retrieved
2016-12-01 17:22:54 INFO  crawler:145 - http://dulich.vnexpress.net/tin-tuc/quoc-te/du-khach-bi-doa-danh-chet-vi-giong-chua-jesus-3506578.html content retrieved
2016-12-01 17:22:54 INFO  crawler:145 - http://giaitri.vnexpress.net/tin-tuc/gioi-sao/trong-nuoc/vo-ca-si-quang-ly-chong-toi-mat-ma-chua-kip-tran-troi-gi-3507127.html content retrieved
2016-12-01 17:22:55 INFO  crawler:145 - http://suckhoe.vnexpress.net/tin-tuc/cac-benh/con-nhoi-mau-co-tim-cuop-sinh-mang-ca-si-quang-ly-nguy-hiem-the-nao-3507102.html content retrieved
2016-12-01 17:22:56 INFO  crawler:145 - http://vnexpress.net/tin-tuc/tam-su/anh-bo-vo-con-de-nhat-quyet-cuoi-toi-3507024.html content retrieved
2016-12-01 17:22:56 INFO  crawler:145 - http://dulich.vnexpress.net/tin-tuc/cong-dong/dau-chan/giay-phut-hai-hung-cua-du-khach-ngoi-canh-xac-chet-tren-thuyen-3506451.html content retrieved
2016-12-01 17:22:56 INFO  crawler:145 - http://vnexpress.net/photo/phap-luat/nhung-nguoi-giu-ao-tu-lam-lai-cuoc-doi-3507105.html content retrieved
2016-12-01 17:22:58 INFO  crawler:145 - http://vnexpress.net/tin-tuc/tam-su/co-nen-noi-cho-vo-anh-biet-toi-da-yeu-anh-10-nam-3506838.html content retrieved
2016-12-01 17:22:58 INFO  crawler:145 - http://kinhdoanh.vnexpress.net/tin-tuc/hang-hoa/khuyen-mai/chuong-trinh-khuyen-mai-minh-khong-mot-minh-nhan-ngay-doc-than-3496835.html content retrieved
2016-12-01 17:22:58 INFO  crawler:145 - http://vnexpress.net/tin-tuc/the-gioi/cuoc-song-do-day/cau-thu-brazil-duoc-giai-cuu-sau-6-gio-nam-duoi-xac-may-bay-roi-3506894.html content retrieved
2016-12-01 17:22:59 INFO  crawler:145 - http://ione.vnexpress.net/tin-tuc/sao/chau-a/my-nhan-kpop-the-he-moi-mat-baby-than-hinh-phai-that-hot-3507044.html content retrieved
2016-12-01 17:22:59 INFO  crawler:145 - http://vnexpress.net/tin-tuc/cong-dong/5-ve-so-vietlott-doc-dac-trung-hop-ky-la-nong-tren-vitalk-3506050.html content retrieved
2016-12-01 17:22:59 INFO  crawler:145 - http://kinhdoanh.vnexpress.net/tin-tuc/doanh-nghiep/doanh-nghiep-viet/co-hoi-giao-thuong-hieu-qua-tai-vietnam-expo-2016-3504276.html content retrieved
2016-12-01 17:23:00 INFO  crawler:145 - http://vnexpress.net/tin-tuc/the-gioi/putin-hop-tac-nga-my-la-loi-ich-cho-toan-the-gioi-3507120.html content retrieved
2016-12-01 17:23:00 INFO  crawler:145 - http://giaitri.vnexpress.net/tin-tuc/gioi-sao/trong-nuoc/nsut-quang-ly-co-ca-si-hat-nhu-doa-nguoi-khac-3230302.html content retrieved
2016-12-01 17:23:01 INFO  crawler:145 - http://sohoa.vnexpress.net/tin-tuc/doi-song-so/nong-dan-me-che-tao-robot-3506747.html content retrieved
2016-12-01 17:23:02 INFO  crawler:145 - http://vnexpress.net/tin-tuc/cong-dong/nu-sinh-dap-tra-vu-on-ao-hoc-the-nao-de-luong-khoi-diem-2-000-dola-3507018.html content retrieved
2016-12-01 17:23:02 INFO  crawler:145 - http://thethao.vnexpress.net/photo/anh-affcup-2016/san-dau-ngon-ngang-truoc-tran-viet-nam-indonesia-3507096.html content retrieved
2016-12-01 17:23:03 INFO  crawler:145 - http://vnexpress.net/tin-tuc/the-gioi/cuoc-song-do-day/song-sot-vu-roi-may-bay-cho-doi-bong-brazil-nho-tu-the-bao-thai-3506774.html content retrieved
2016-12-01 17:23:03 INFO  crawler:145 - http://giadinh.vnexpress.net/tin-tuc/to-am/bo-anh-chung-to-tinh-yeu-gia-dinh-khong-phu-thuoc-vao-adn-3507067.html content retrieved
2016-12-01 17:23:04 INFO  crawler:145 - http://kinhdoanh.vnexpress.net/tin-tuc/hang-hoa/khuyen-mai/combo-qua-tang-doc-dao-dip-giang-sinh-tu-lenovo-3506302.html content retrieved
2016-12-01 17:23:04 INFO  crawler:145 - http://vnexpress.net/tin-tuc/khoa-hoc/bang-tuan-hoan-hoa-hoc-chinh-thuc-bo-sung-4-nguyen-to-moi-3507136.html content retrieved
2016-12-01 17:23:05 INFO  crawler:145 - http://kinhdoanh.vnexpress.net/tin-tuc/doanh-nghiep/big-c-lien-tiep-tung-chieu-sau-khi-ve-tay-dai-gia-thai-3506089.html content retrieved
2016-12-01 17:23:05 INFO  crawler:145 - http://vnexpress.net/tin-tuc/the-gioi/dang-cam-quyen-han-quoc-tinh-bau-tong-thong-vao-nam-sau-3507089.html content retrieved
2016-12-01 17:23:05 INFO  crawler:145 - http://giadinh.vnexpress.net/tin-tuc/to-am/7-diem-nho-tiet-lo-chinh-xac-tinh-cach-mot-nguoi-3506939.html content retrieved
2016-12-01 17:23:06 INFO  crawler:145 - http://kinhdoanh.vnexpress.net/tin-tuc/doanh-nghiep/doanh-nghiep-viet/tiki-vn-khuyen-mai-ngay-online-friday-3506414.html content retrieved
2016-12-01 17:23:06 INFO  crawler:145 - http://kinhdoanh.vnexpress.net/tin-tuc/hang-hoa/khuyen-mai/co-hoi-dung-thu-dem-nhat-ban-mien-phi-trong-30-ngay-3503410.html content retrieved
2016-12-01 17:23:07 INFO  crawler:145 - http://kinhdoanh.vnexpress.net/tin-tuc/quoc-te/da-thau-tom-doanh-nghiep-my-tu-trung-quoc-truoc-chot-chan-donald-trump-3507094.html content retrieved
2016-12-01 17:23:08 INFO  crawler:145 - http://vnexpress.net/tin-tuc/phap-luat/bo-quy-dinh-khong-doi-bang-lai-phai-thi-lai-ly-thuyet-3506717.html content retrieved
2016-12-01 17:23:08 INFO  crawler:145 - http://kinhdoanh.vnexpress.net/tin-tuc/doanh-nghiep/doanh-nghiep-viet/tv-man-hinh-cuong-luc-ruby-5068-2-3s-3504129.html content retrieved
2016-12-01 17:23:09 INFO  crawler:145 - http://video.vnexpress.net/parser.html?ap=0&ft=video&id=3507107&ishome=1&share_url=http%3A%2F%2Fvideo.vnexpress.net%2Ftin-tuc%2Fnhac%2Fnhung-ca-khuc-in-dam-giong-hat-tru-tinh-cua-nsut-quang-ly-3507107.html&si=1000000&t=1 content retrieved
2016-12-01 17:23:09 INFO  crawler:145 - http://vnexpress.net/photo/trong-nuoc/loai-than-lan-quy-hiem-mang-hinh-thu-ca-sau-3506725.html content retrieved
2016-12-01 17:23:10 INFO  crawler:145 - http://kinhdoanh.vnexpress.net/tin-tuc/doanh-nghiep/doanh-nghiep-viet/cong-ty-kdn-ap-dung-thanh-cong-chuong-trinh-5s-3506645.html content retrieved
2016-12-01 17:23:10 INFO  crawler:145 - http://vnexpress.net/tin-tuc/khoa-hoc/chuyen-la/hang-nghin-sinh-vat-la-giong-thach-deo-dat-vao-bo-bien-california-3507129.html content retrieved
2016-12-01 17:23:11 INFO  crawler:145 - http://sohoa.vnexpress.net/tin-tuc/doi-song-so/bat-dau-binh-chon-cho-vong-chung-ket-tech-awards-2016-3506985.html content retrieved
2016-12-01 17:23:11 INFO  crawler:145 - http://vnexpress.net/tin-tuc/thoi-su/giao-thong/csgt-tang-cuong-xu-ly-oto-de-mu-cong-an-khong-dung-quy-dinh-3506602.html content retrieved
2016-12-01 17:23:12 INFO  crawler:145 - http://vnexpress.net/tin-tuc/thoi-su/giao-thong/chinh-phu-cho-phep-xe-4-banh-chay-xang-cho-khach-du-lich-3507220.html content retrieved
2016-12-01 17:23:12 INFO  crawler:145 - http://vnexpress.net/tin-tuc/the-gioi/tu-lieu/bae-146-chiec-phi-co-menh-danh-loi-thi-tham-roi-o-colombia-3506279.html content retrieved
2016-12-01 17:23:12 INFO  crawler:145 - http://giaitri.vnexpress.net/tin-tuc/gioi-sao/trong-nuoc/ca-si-quang-ly-dot-ngot-qua-doi-3507033.html content retrieved
2016-12-01 17:23:13 INFO  crawler:145 - http://kinhdoanh.vnexpress.net/tin-tuc/hang-hoa/khuyen-mai/hc-to-chuc-nhieu-chuong-trinh-uu-dai-hap-dan-3502753.html content retrieved
2016-12-01 17:23:14 INFO  crawler:145 - http://vnexpress.net/tin-tuc/phap-luat/loi-khai-cua-ke-trom-lien-tiep-hiep-dam-thieu-phu-3506178.html content retrieved
2016-12-01 17:23:14 INFO  crawler:145 - http://vnexpress.net/tin-tuc/giao-duc/truong-hoc-singapore-day-toan-bang-truyen-3507255.html content retrieved
2016-12-01 17:23:15 INFO  crawler:145 - http://kinhdoanh.vnexpress.net/tin-tuc/doanh-nghiep/doanh-nghiep-viet/ngoc-diep-doanh-nghiep-bao-bi-duy-nhat-dat-thuong-hieu-quoc-gia-2016-3505928.html content retrieved
2016-12-01 17:23:15 INFO  crawler:145 - http://kinhdoanh.vnexpress.net/tin-tuc/hang-hoa/khuyen-mai/kangaroo-tang-vang-cho-khach-mua-hang-3501853.html content retrieved
2016-12-01 17:23:16 INFO  crawler:145 - http://kinhdoanh.vnexpress.net/tin-tuc/hang-hoa/khuyen-mai/nhung-meo-can-biet-khi-mua-iphone-6-khoa-mang-gia-5-trieu-dong-3504588.html content retrieved
2016-12-01 17:23:16 INFO  crawler:145 - http://vnexpress.net/tin-tuc/the-gioi/cuoc-song-do-day/trom-than-nhien-cuom-tui-vang-1-6-trieu-usd-giua-duong-pho-new-york-3507173.html content retrieved
2016-12-01 17:23:16 INFO  crawler:145 - http://suckhoe.vnexpress.net/tin-tuc/cac-benh/9-cau-hoi-giup-ban-phat-hien-som-ung-thu-da-day-3506209.html content retrieved
2016-12-01 17:23:18 INFO  crawler:145 - http://vnexpress.net/tin-tuc/cuoi/video/nguoi-dep-khien-chang-trai-gap-nan-vi-nhan-sac-boc-lua-3507032.html content retrieved
2016-12-01 17:23:18 INFO  crawler:145 - http://vnexpress.net/tin-tuc/thoi-su/dap-bo-bao-cuu-ho-ca-nam-thanh-nien-bi-lu-cuon-3507000.html content retrieved
2016-12-01 17:23:19 INFO  crawler:145 - http://vnexpress.net/tin-tuc/thoi-su/bo-noi-vu-kiem-diem-trach-nhiem-lien-quan-ong-trinh-xuan-thanh-3483870.html content retrieved
2016-12-01 17:23:19 INFO  crawler:145 - http://kinhdoanh.vnexpress.net/tin-tuc/doanh-nghiep/doanh-nghiep-viet/so-huu-iphone-7-chinh-hang-som-voi-gia-uu-dai-3493384.html content retrieved
2016-12-01 17:23:19 INFO  crawler:145 - http://vnexpress.net/tin-tuc/phap-luat/tu-van/bi-tam-than-den-muc-nao-thi-khong-phai-di-tu-3507180.html content retrieved
2016-12-01 17:23:20 INFO  crawler:145 - http://kinhdoanh.vnexpress.net/tin-tuc/hang-hoa/khuyen-mai/nguyen-kim-uu-dai-khoi-dong-mua-mua-sam-cuoi-nam-3503944.html content retrieved
2016-12-01 17:23:20 INFO  crawler:145 - http://vnexpress.net/tin-tuc/phap-luat/nguoi-dan-ong-lua-ban-hon-300-oto-sang-tren-giay-3507193.html content retrieved
2016-12-01 17:23:20 INFO  crawler:145 - http://kinhdoanh.vnexpress.net/tin-tuc/doanh-nghiep/doanh-nghiep-viet/tham-gia-thu-thach-cung-dau-nhot-motul-tekma-3505643.html content retrieved
2016-12-01 17:23:22 INFO  crawler:145 - http://vnexpress.net/tin-tuc/cuoi/95-dan-ong-khong-nhin-thay-7-diem-khac-nhau-giua-hai-anh-nay-3506616.html content retrieved
2016-12-01 17:23:22 INFO  crawler:145 - http://vnexpress.net/photo/thoi-su/hang-tram-nguoi-xep-hang-tu-mo-sang-doi-giay-phep-lai-xe-3506905.html content retrieved
2016-12-01 17:23:22 INFO  crawler:145 - http://kinhdoanh.vnexpress.net/tin-tuc/doanh-nghiep/doanh-nghiep-viet/trien-lam-cho-cac-doanh-nghiep-duoc-pham-trang-thiet-bi-y-te-3504099.html content retrieved
2016-12-01 17:23:23 INFO  crawler:145 - http://kinhdoanh.vnexpress.net/tin-tuc/hang-hoa/khuyen-mai/mien-phi-ung-dung-quan-ly-hang-quan-tren-di-dong-3502825.html content retrieved
2016-12-01 17:23:23 INFO  crawler:145 - http://kinhdoanh.vnexpress.net/tin-tuc/hang-hoa/khuyen-mai/xem-phim-tha-ga-voi-100-000-dong-3503238.html content retrieved
2016-12-01 17:23:23 INFO  crawler:145 - http://video.vnexpress.net/tin-tuc/xa-hoi/11-nguoi-gap-nan-do-cay-gay-do-o-sai-gon-tu-dau-nam-3507027.html content retrieved
2016-12-01 17:23:24 INFO  crawler:145 - http://kinhdoanh.vnexpress.net/tin-tuc/thuong-mai-dien-tu/pay/hoan-tien-den-50-khi-thanh-toan-qua-vnexpress-pay-3507199.html content retrieved
2016-12-01 17:23:24 INFO  crawler:145 - http://ione.vnexpress.net/tin-tuc/phim/chau-a/nhung-tinh-tiet-vinh-danh-huyen-thoai-bien-xanh-la-vo-dich-sen-3507022.html content retrieved
2016-12-01 17:23:25 INFO  crawler:145 - http://kinhdoanh.vnexpress.net/tin-tuc/thuong-mai-dien-tu/tin-tuc/online-friday-2016-kiem-soat-tinh-trang-khuyen-mai-ao-3502358.html content retrieved
2016-12-01 17:23:26 INFO  crawler:145 - http://sohoa.vnexpress.net/tin-tuc/doi-song-so/donald-trump-co-quyen-nhan-tin-cho-ca-nuoc-my-3507138.html content retrieved
2016-12-01 17:23:26 INFO  crawler:145 - http://suckhoe.vnexpress.net/tin-tuc/khoe-dep/giam-manh-bung-mo-va-chay-se-cho-me-sinh-nhieu-con-3505491.html content retrieved
2016-12-01 17:23:26 INFO  crawler:145 - http://giaitri.vnexpress.net/photo/sao-dep-sao-xau/hoa-hau-my-linh-e-ap-voi-toc-tet-vuong-mien-3507214.html content retrieved
2016-12-01 17:23:27 INFO  crawler:145 - http://giaitri.vnexpress.net/photo/sao-dep-sao-xau/bella-hadid-ho-noi-y-phan-cam-o-tiec-hau-victorias-secret-3507040.html content retrieved
2016-12-01 17:23:27 INFO  crawler:145 - http://kinhdoanh.vnexpress.net/tin-tuc/doanh-nghiep/doanh-nghiep-viet/mediamart-khai-truong-sieu-thi-dien-may-thu-29-tai-ha-noi-3499815.html content retrieved
2016-12-01 17:23:28 INFO  crawler:145 - http://kinhdoanh.vnexpress.net/tin-tuc/hang-hoa/khuyen-mai/so-huu-blackberry-passport-xach-tay-voi-gia-hon-4-trieu-dong-3503281.html content retrieved
2016-12-01 17:23:29 INFO  crawler:145 - http://vnexpress.net/tin-tuc/giao-duc/cau-do-logic-kinh-dien-the-ky-ix-3506745.html content retrieved
2016-12-01 17:23:29 INFO  crawler:145 - http://e.vnexpress.net/news/news/vietnam-frees-14-foreigners-ahead-of-lunar-new-year-holiday-3506923.html content retrieved
2016-12-01 17:23:30 INFO  crawler:145 - http://vnexpress.net/tin-tuc/the-gioi/phi-cong-noi-may-bay-het-nhien-lieu-truoc-khi-roi-o-colombia-3506801.html content retrieved
2016-12-01 17:23:30 INFO  crawler:145 - http://vnexpress.net/tin-tuc/thoi-su/nhieu-lanh-dao-bi-ky-luat-trong-vu-ong-trinh-xuan-thanh-3507294.html content retrieved
2016-12-01 17:23:31 INFO  crawler:145 - http://kinhdoanh.vnexpress.net/tin-tuc/hang-hoa/khuyen-mai/dem-xinh-khai-truong-giam-gia-den-30-3495938.html content retrieved
2016-12-01 17:23:31 INFO  crawler:145 - http://vnexpress.net/tin-tuc/cuoi/tai-sao-cap-doi-hoang-hot-khi-xem-lai-anh-nay-3505889.html content retrieved
2016-12-01 17:23:32 INFO  crawler:145 - http://vnexpress.net/tin-tuc/the-gioi/hon-60-nguoi-nga-muon-putin-tai-dac-cu-tong-thong-3500099.html content retrieved
2016-12-01 17:23:33 INFO  crawler:145 - http://giaitri.vnexpress.net/tin-tuc/nhac/lang-nhac/1-000-ve-liveshow-ha-anh-tuan-tai-ha-noi-ban-het-trong-hai-ngay-3507270.html content retrieved
2016-12-01 17:23:33 INFO  crawler:145 - http://vnexpress.net/tin-tuc/cong-dong/sep-huyen-lam-that-thoat-10-ty-xin-khong-di-tu-de-cong-hien-nong-tren-vitalk-3506594.html content retrieved
2016-12-01 17:23:33 INFO  crawler:145 - http://e.vnexpress.net/news/travel-life/whyvietnam-capture-the-best-to-see-the-rest-3507174.html content retrieved
2016-12-01 17:23:34 INFO  crawler:145 - http://vnexpress.net/infographics/the-gioi/phi-co-cho-cau-lac-bo-bong-da-brazil-chapecoense-gap-nan-the-nao-3507093.html content retrieved
2016-12-01 17:23:35 INFO  crawler:145 - http://dulich.vnexpress.net/tin-tuc/viet-nam/fiditour-khuyen-mai-dip-nam-moi-3506343.html content retrieved
2016-12-01 17:23:35 INFO  crawler:145 - http://vnexpress.net/tin-tuc/khoa-hoc/ca-map-trang-ngoam-hai-cau-xam-sat-mep-bo-bien-my-3507203.html content retrieved
2016-12-01 17:23:35 INFO  crawler:145 - http://kinhdoanh.vnexpress.net/tin-tuc/doanh-nghiep/doanh-nghiep-viet/pico-giam-gia-hang-nghin-san-pham-dien-may-3496356.html content retrieved
2016-12-01 17:23:36 INFO  crawler:145 - http://kinhdoanh.vnexpress.net/tin-tuc/hang-hoa/khuyen-mai/misa-tang-mien-phi-phan-mem-ke-toan-cho-cong-ty-khoi-nghiep-3502739.html content retrieved
2016-12-01 17:23:36 INFO  crawler:145 - http://giadinh.vnexpress.net/tin-tuc/to-am/nhung-nguoi-vo-chiu-cuc-hinh-khi-chieu-chong-3506237.html content retrieved
2016-12-01 17:23:36 INFO  crawler:145 - http://vnexpress.net/tin-tuc/the-gioi/tu-lieu/moi-quan-he-guong-vo-lai-lanh-giua-trump-va-ung-vien-ngoai-truong-romney-3507043.html content retrieved
2016-12-01 17:23:37 INFO  crawler:145 - http://kinhdoanh.vnexpress.net/tin-tuc/hang-hoa/khuyen-mai/samsung-tang-bo-qua-tri-gia-5-trieu-dong-3501930.html content retrieved
2016-12-01 17:23:39 INFO  crawler:145 - http://vnexpress.net/tin-tuc/thoi-su/nguoi-dan-tim-duoc-hien-vat-nghi-la-an-tin-cua-vua-3506474.html content retrieved
2016-12-01 17:23:39 INFO  crawler:145 - http://vnexpress.net/tin-tuc/phap-luat/tham-an-luc-rang-sang-4-nguoi-bi-chem-chet-3506934.html content retrieved
2016-12-01 17:23:39 INFO  crawler:145 - http://thethao.vnexpress.net/photo/anh-affcup-2016/cong-vinh-cong-phuong-tap-dut-diem-cho-ban-ket-aff-cup-3505685.html content retrieved
2016-12-01 17:23:41 INFO  crawler:145 - http://vnexpress.net/tin-tuc/oto-xe-may/tu-van/nhung-bien-bao-giao-thong-cuc-hiem-tai-viet-nam-3506316.html content retrieved
2016-12-01 17:24:13 INFO  crawler:72 - vnexpress.net crawling ended
