2016-12-04 18:28:28 INFO  crawler:30 - 0 sources selected to crawl
2016-12-04 18:29:01 INFO  crawler:30 - 1 sources selected to crawl
2016-12-04 18:29:01 INFO  crawler:47 - nguyentandung.org crawling started
2016-12-04 18:29:09 INFO  crawler:145 - http://nguyentandung.org/tong-thu-ky-lhq-ban-ki-moon-gui-thu-chuc-mung-dien-dan-toan-cau-boston-nhan-ngay-an-ninh-mang-toan-cau.html content retrieved
2016-12-04 18:29:10 INFO  crawler:145 - http://nguyentandung.org/vu-trinh-xuan-thanh-thi-hanh-ky-luat-nhieu-can-bo-cao-cap.html content retrieved
2016-12-04 18:29:11 INFO  crawler:145 - http://nguyentandung.org/tien-si-gia-re-va-chuyen-len-cung-trang.html content retrieved
2016-12-04 18:29:12 INFO  crawler:145 - http://nguyentandung.org/10-nghin-dong-mua-giac-mo-ty-phu.html content retrieved
2016-12-04 18:29:17 INFO  crawler:145 - http://nguyentandung.org/lop-hoc-kich-nao-dao-tao-thien-tai-va-tu-duy-an-xoi.html content retrieved
2016-12-04 18:29:19 INFO  crawler:145 - http://nguyentandung.org/thu-tuong-dong-y-gia-han-goi-30-000-ty-dong-den-khi-giai-ngan-het.html content retrieved
2016-12-04 18:29:19 INFO  crawler:145 - http://nguyentandung.org/csgt-da-nang-lap-facebook-nhan-phan-anh-cua-dan.html content retrieved
2016-12-04 18:29:20 INFO  crawler:145 - http://nguyentandung.org/tieu-su-thu-tuong-viet-nam-nguyen-tan-dung.html content retrieved
2016-12-04 18:29:25 INFO  crawler:145 - http://nguyentandung.org/cac-nghi-can-am-sat-ong-erdogan-bi-de-nghi-muc-an-tu-chung-than.html content retrieved
2016-12-04 18:29:26 INFO  crawler:145 - http://nguyentandung.org/gia-vang-sjc-bat-tang-theo-da-cua-thi-truong-the-gioi.html content retrieved
2016-12-04 18:29:27 INFO  crawler:145 - http://nguyentandung.org/4-nguy-co-xung-dot-du-trump-rut-khoi-thuong-truong.html content retrieved
2016-12-04 18:29:28 INFO  crawler:145 - http://nguyentandung.org/cha-con-toi-bat-ngo-khi-quen-vi-tren-xe-buyt-duc.html content retrieved
2016-12-04 18:29:34 INFO  crawler:145 - http://nguyentandung.org/nhung-y-tuong-khoi-nghiep-dang-gia-trieu-do.html content retrieved
2016-12-04 18:29:34 INFO  crawler:145 - http://nguyentandung.org/nen-kinh-te-viet-nam-co-4-dong-co-thi-3-dang-truc-trac-2.html content retrieved
2016-12-04 18:29:36 INFO  crawler:145 - http://nguyentandung.org/thu-tuong-nguyen-tan-dung-phe-chuan-nhan-su-ubnd-2-tinh.html content retrieved
2016-12-04 18:29:36 INFO  crawler:145 - http://nguyentandung.org/gia-vang-dao-chieu-tang-manh-phien-dau-tuan.html content retrieved
2016-12-04 18:29:40 INFO  crawler:145 - http://nguyentandung.org/dang-xanh-tu-bo-yeu-cau-tai-kiem-phieu-bau-cu-tong-thong-my.html content retrieved
2016-12-04 18:29:41 INFO  crawler:145 - http://nguyentandung.org/nguyen-thu-tuong-nguyen-tan-dung-truyen-dat-kinh-nghiem-trong-quan-ly-nha-nuoc-cho-can-bo-tphcm.html content retrieved
2016-12-04 18:29:41 INFO  crawler:145 - http://nguyentandung.org/he-mo-hai-cau-hoi-kho-ve-trinh-xuan-thanh-va-ong-vu-huy-hoang.html content retrieved
2016-12-04 18:29:43 INFO  crawler:145 - http://nguyentandung.org/khanh-thanh-truong-thpt-vo-van-kiet-o-kien-giang.html content retrieved
2016-12-04 18:29:45 INFO  crawler:145 - http://nguyentandung.org/da-nang-thao-do-hon-80-biet-phu-khong-phep-cua-dai-gia-vang-tren-nui-hai-van.html content retrieved
2016-12-04 18:29:46 INFO  crawler:145 - http://nguyentandung.org/vu-ki-luat-ki-luc-va-noi-lo-ve-danh-hieu-rat-thoa-dang.html content retrieved
2016-12-04 18:29:48 INFO  crawler:145 - http://nguyentandung.org/bao-nuoc-ngoai-soc-voi-that-bai-cua-viet-nam.html content retrieved
2016-12-04 18:29:48 INFO  crawler:145 - http://nguyentandung.org/cu-ho-tran-la-con-cai-cua-chu-tich-nuoc-tran-dai-quang.html content retrieved
2016-12-04 18:29:51 INFO  crawler:145 - http://nguyentandung.org/gia-vang-hom-nay-112-xuong-day-10-thang-doan-cuoi-dau-don.html content retrieved
2016-12-04 18:29:52 INFO  crawler:145 - http://nguyentandung.org/le-phi-cap-moi-the-can-cuoc-cong-dan.html content retrieved
2016-12-04 18:29:53 INFO  crawler:145 - http://nguyentandung.org/stephen-hawking-thoi-ky-nguy-hiem-nhat-tren-trai-dat-da-bat-dau.html content retrieved
2016-12-04 18:29:54 INFO  crawler:145 - http://nguyentandung.org/wsj-nghi-van-kho-nhom-khong-lo-cua-ty-phu-trung-quoc-tai-viet-nam.html content retrieved
2016-12-04 18:29:57 INFO  crawler:145 - http://nguyentandung.org/nguyen-thu-tuong-nguyen-tan-dung-di-bo-phieu.html content retrieved
2016-12-04 18:29:58 INFO  crawler:145 - http://nguyentandung.org/thai-lan-chinh-thuc-co-quoc-vuong-moi.html content retrieved
2016-12-04 18:30:00 INFO  crawler:145 - http://nguyentandung.org/tiep-dien-cac-vu-tan-cong-quan-doi-o-mien-bac-myanmar.html content retrieved
2016-12-04 18:30:01 INFO  crawler:145 - http://nguyentandung.org/tong-thong-phap-is-dung-sau-vu-tan-cong-nha-tho-sat-hai-linh-muc.html content retrieved
2016-12-04 18:30:03 INFO  crawler:145 - http://nguyentandung.org/khi-tan-the-xay-ra-day-se-la-noi-ma-chung-ta-can-tim-den-dau-tien.html content retrieved
2016-12-04 18:30:05 INFO  crawler:145 - http://nguyentandung.org/thong-bao-bien-dong-lao-dong-tai-cac-don-vi-bo-quoc-phong-bo-cong-an.html content retrieved
2016-12-04 18:30:05 INFO  crawler:145 - http://nguyentandung.org/nguyen-thu-tuong-nguyen-tan-dung-di-bo-den-diem-bau-cu-o-tp-hcm.html content retrieved
2016-12-04 18:30:07 INFO  crawler:145 - http://nguyentandung.org/ukraine-va-ba-lan-dong-thuan-chong-sieu-du-an-dong-chay-phuong-bac-2-cua-nga.html content retrieved
2016-12-04 18:30:08 INFO  crawler:145 - http://nguyentandung.org/khoi-cong-co-so-2-benh-vien-ung-buou-1-000-giuong.html content retrieved
2016-12-04 18:30:09 INFO  crawler:145 - http://nguyentandung.org/trung-quoc-khong-noi-ung-ho-thanh-lap-vung-bao-ton-tai-scarborough.html content retrieved
2016-12-04 18:30:10 INFO  crawler:145 - http://nguyentandung.org/is-co-the-dang-chon-thu-linh-moi.html content retrieved
2016-12-04 18:30:12 INFO  crawler:145 - http://nguyentandung.org/viet-nam-xep-thu-7-chau-a-ve-nang-luc-tieng-anh.html content retrieved
2016-12-04 18:30:13 INFO  crawler:145 - http://nguyentandung.org/ve-co-kinh-cua-ngoi-chua-dep-nhat-the-gioi-tai-viet-nam.html content retrieved
2016-12-04 18:30:14 INFO  crawler:145 - http://nguyentandung.org/bang-chung-dong-troi-my-bat-tay-voi-is-o-mosuliraq.html content retrieved
2016-12-04 18:30:44 INFO  crawler:30 - 1 sources selected to crawl
2016-12-04 18:30:44 INFO  crawler:47 - tttt.danang.gov.vn crawling started
2016-12-04 18:30:51 INFO  crawler:145 - http://tttt.danang.gov.vn/web/guest/danh-sach-tin;jsessionid=E4B5A4FA305C8FB59F9F8E4AE37B82E5?p_p_col_count=4&p_p_col_id=column-7&p_p_col_pos=1&p_p_id=101_INSTANCE_e45gRDXMrG15&p_p_lifecycle=0&p_p_mode=view&p_p_state=normal&p_r_p_564233524_categoryId=12452&p_r_p_564233524_resetCur=true content retrieved
2016-12-04 18:30:52 INFO  crawler:145 - http://tttt.danang.gov.vn/web/guest/-/co-mot-truong-day-nghe-va-uom-mam-y-tuong-sang-tao-cntt-ra-đoi-tren-vung-cat-trang-hoang-can-o-ngoai-o-đa-nang content retrieved
2016-12-04 18:30:54 INFO  crawler:145 - http://tttt.danang.gov.vn/web/guest/-/danh-sach-cac-to-chuc-giam-đinh-tu-phap-va-nguoi-giam-đinh-tu-phap-tren-đia-ban-thanh-pho-đa-nang content retrieved
2016-12-04 18:30:56 INFO  crawler:145 - http://tttt.danang.gov.vn/web/guest/-/tham-gia-binh-chon-“cong-dan-đa-nang-tieu-bieu” content retrieved
2016-12-04 18:30:58 INFO  crawler:145 - http://tttt.danang.gov.vn/web/guest/-/ke-hoach-to-chuc-ngay-phap-luat-cua-so-thong-tin-va-truyen-thong content retrieved
2016-12-04 18:31:00 INFO  crawler:145 - http://tttt.danang.gov.vn/web/guest/-/giai-bao-chi-tuyen-truyen-“đa-nang-thanh-pho-moi-truong”-tiep-tuc-nhan-bai-du-thi-đen-25-11-2016 content retrieved
2016-12-04 18:31:01 INFO  crawler:145 - http://tttt.danang.gov.vn/web/guest/-/đe-vet-thuong-long-me-khong-con-nang-mang- content retrieved
2016-12-04 18:31:03 INFO  crawler:145 - http://tttt.danang.gov.vn/web/guest/-/so-thong-tin-va-truyen-thong-tp-đa-nang-to-chuc-đot-sinh-hoat-chinh-tri-sau-rong-va-xuyen-suot-2016-2017-voi-chu-đe-“đay-manh-viec-hoc-tap-va-lam-theo content retrieved
2016-12-04 18:31:05 INFO  crawler:145 - http://tttt.danang.gov.vn/web/guest/thong-tin-bao-chi/-/asset_publisher/MCy6V0g9Avp9/content/danh-sach-cac-co-quan-bao-chi-tren-%C4%91ia-ban-thanh-pho-%C4%91a-nang-cap-nhat-ngay-9-8-2016-?redirect=http%3A%2F%2Ftttt.danang.gov.vn%2Fweb%2Fguest%2Fthong-tin-bao-chi%3Fp_p_id%3D101_INSTANCE_MCy6V0g9Avp9%26p_p_lifecycle%3D0%26p_p_state%3Dnormal%26p_p_mode%3Dview%26p_p_col_id%3Dcolumn-3%26p_p_col_count%3D1 content retrieved
2016-12-04 18:31:07 INFO  crawler:145 - http://tttt.danang.gov.vn/web/guest/-/huong-dan-cong-tac-phat-ngon-va-cung-cap-thong-tin-bao-chi content retrieved
2016-12-04 18:31:10 INFO  crawler:145 - http://tttt.danang.gov.vn/web/guest/-/thanh-tra-so-thong-tin-va-truyen-thong-xu-ly-nghiem-4-co-so-kinh-doanh-sach-in-lau-tai-đa-nang content retrieved
2016-12-04 18:31:12 INFO  crawler:145 - http://tttt.danang.gov.vn/web/guest/-/danh-sach-so-%C4%91ien-thoai-quang-cao-rao-vat-sai-quy-%C4%91inh-tren-%C4%91ia-ban-thanh-pho-%C4%91a-nang content retrieved
2016-12-04 18:31:13 INFO  crawler:145 - http://tttt.danang.gov.vn/web/guest/-/chinh-thuc-đoi-ma-vung-đien-thoai-co-đinh-tu-11-2-2017 content retrieved
